x:\flightsimserver\flightsimserver\debug\vc141.pdb
x:\flightsimserver\flightsimserver\debug\vc141.idb
x:\flightsimserver\flightsimserver\debug\ctickableprocess.obj
x:\flightsimserver\flightsimserver\debug\ctickablemanager.obj
x:\flightsimserver\flightsimserver\debug\supportfunction.obj
x:\flightsimserver\flightsimserver\debug\stringhelpers.obj
x:\flightsimserver\flightsimserver\debug\mathhelper.obj
x:\flightsimserver\flightsimserver\debug\flightsimserver.obj
x:\flightsimserver\flightsimserver\debug\flightplan.obj
x:\flightsimserver\flightsimserver\debug\cuser.obj
x:\flightsimserver\flightsimserver\debug\cserverserver.obj
x:\flightsimserver\flightsimserver\debug\cserver.obj
x:\flightsimserver\flightsimserver\debug\cfsserver.obj
x:\flightsimserver\flightsimserver\debug\certificate.obj
x:\flightsimserver\flightsimserver\debug\cclientserver.obj
x:\flightsimserver\debug\flightsimserver.exe
x:\flightsimserver\debug\flightsimserver.ilk
x:\flightsimserver\debug\flightsimserver.pdb
x:\flightsimserver\flightsimserver\debug\certificate.obj.enc
x:\flightsimserver\flightsimserver\debug\flightsimserver.tlog\cl.command.1.tlog
x:\flightsimserver\flightsimserver\debug\flightsimserver.tlog\cl.read.1.tlog
x:\flightsimserver\flightsimserver\debug\flightsimserver.tlog\cl.write.1.tlog
x:\flightsimserver\flightsimserver\debug\flightsimserver.tlog\link.command.1.tlog
x:\flightsimserver\flightsimserver\debug\flightsimserver.tlog\link.read.1.tlog
x:\flightsimserver\flightsimserver\debug\flightsimserver.tlog\link.write.1.tlog
